<?xml version="1.0" encoding="UTF-8"?>
<!-- Generated by org.testng.reporters.JUnitReportReporter -->
<testsuite skipped="0" hostname="SEZO2623589" name="com.crm.qa.testcases.LoginPageTest" tests="3" failures="0" timestamp="23 Feb 2018 01:15:07 GMT" time="29.007" errors="0">
  <testcase name="loginPageTitleTest" time="7.546" classname="com.crm.qa.testcases.LoginPageTest"/>
  <testcase name="crmLogoImageTest" time="8.811" classname="com.crm.qa.testcases.LoginPageTest"/>
  <testcase name="loginTest" time="12.650" classname="com.crm.qa.testcases.LoginPageTest"/>
</testsuite> <!-- com.crm.qa.testcases.LoginPageTest -->
